<?xml version="1.0" encoding="UTF-8"?>
<!-- Generated by org.testng.reporters.JUnitXMLReporter -->
<testsuite hostname="Windows7-PC" ignored="2" name="Test(failed)" tests="1" failures="1" timestamp="2021-12-30T23:26:41 IST" time="33.826" errors="0">
  <testcase name="structuralValues" time="0.143" classname="com.again.soft.WebTable">
    <failure type="java.lang.AssertionError" message="expected [true] but found [false]">
      <![CDATA[java.lang.AssertionError: expected [true] but found [false]
at com.again.soft.WebTable.structuralValues(WebTable.java:29)
at java.util.ArrayList.forEach(Unknown Source)
... Removed 31 stack frames]]>
    </failure>
  </testcase> <!-- structuralValues -->
  <testcase name="sample" time="0.0" classname="com.again.soft.WebTable">
    <ignored/>
  </testcase> <!-- sample -->
  <testcase name="lastrowcolTest" time="0.0" classname="com.again.soft.WebTable">
    <ignored/>
  </testcase> <!-- lastrowcolTest -->
</testsuite> <!-- Test(failed) -->
